# JRE version: Java(TM) SE Runtime Environment (8.0_211-b12) (build 1.8.0_211-b12)
# Java VM: Java HotSpot(TM) 64-Bit Server VM (25.211-b12 mixed mode windows-amd64 compressed oops)
Heap:
 PSYoungGen      total 64512K, used 57723K [0x00000000f5580000, 0x00000000fff00000, 0x0000000100000000)
  eden space 58880K, 88% used [0x00000000f5580000,0x00000000f88886c0,0x00000000f8f00000)
  from space 5632K, 97% used [0x00000000f8f00000,0x00000000f94565d8,0x00000000f9480000)
  to   space 57344K, 0% used [0x00000000fc700000,0x00000000fc700000,0x00000000fff00000)
 ParOldGen       total 313344K, used 218749K [0x00000000e0000000, 0x00000000f3200000, 0x00000000f5580000)
  object space 313344K, 69% used [0x00000000e0000000,0x00000000ed59f498,0x00000000f3200000)
 Metaspace       used 96878K, capacity 103803K, committed 104064K, reserved 1138688K
  class space    used 12445K, capacity 13853K, committed 13952K, reserved 1048576K
GC Heap History (10 events):
Event: 769.552 GC heap before
{Heap before GC invocations=53 (full 4):
 PSYoungGen      total 116736K, used 66246K [0x00000000f5580000, 0x0000000100000000, 0x0000000100000000)
  eden space 58880K, 100% used [0x00000000f5580000,0x00000000f8f00000,0x00000000f8f00000)
  from space 57856K, 12% used [0x00000000fc780000,0x00000000fceb1b78,0x0000000100000000)
  to   space 57856K, 0% used [0x00000000f8f00000,0x00000000f8f00000,0x00000000fc780000)
 ParOldGen       total 313344K, used 208717K [0x00000000e0000000, 0x00000000f3200000, 0x00000000f5580000)
  object space 313344K, 66% used [0x00000000e0000000,0x00000000ecbd3510,0x00000000f3200000)
 Metaspace       used 96535K, capacity 103409K, committed 103552K, reserved 1138688K
  class space    used 12444K, capacity 13852K, committed 13952K, reserved 1048576K
Event: 769.558 GC heap after
Heap after GC invocations=53 (full 4):
 PSYoungGen      total 116736K, used 8756K [0x00000000f5580000, 0x0000000100000000, 0x0000000100000000)
  eden space 58880K, 0% used [0x00000000f5580000,0x00000000f5580000,0x00000000f8f00000)
  from space 57856K, 15% used [0x00000000f8f00000,0x00000000f978d228,0x00000000fc780000)
  to   space 57856K, 0% used [0x00000000fc780000,0x00000000fc780000,0x0000000100000000)
 ParOldGen       total 313344K, used 209760K [0x00000000e0000000, 0x00000000f3200000, 0x00000000f5580000)
  object space 313344K, 66% used [0x00000000e0000000,0x00000000eccd82f0,0x00000000f3200000)
 Metaspace       used 96535K, capacity 103409K, committed 103552K, reserved 1138688K
  class space    used 12444K, capacity 13852K, committed 13952K, reserved 1048576K
}
Event: 770.074 GC heap before
{Heap before GC invocations=54 (full 4):
 PSYoungGen      total 116736K, used 67636K [0x00000000f5580000, 0x0000000100000000, 0x0000000100000000)
  eden space 58880K, 100% used [0x00000000f5580000,0x00000000f8f00000,0x00000000f8f00000)
  from space 57856K, 15% used [0x00000000f8f00000,0x00000000f978d228,0x00000000fc780000)
  to   space 57856K, 0% used [0x00000000fc780000,0x00000000fc780000,0x0000000100000000)
 ParOldGen       total 313344K, used 209844K [0x00000000e0000000, 0x00000000f3200000, 0x00000000f5580000)
  object space 313344K, 66% used [0x00000000e0000000,0x00000000ecced0b0,0x00000000f3200000)
 Metaspace       used 96624K, capacity 103537K, committed 103808K, reserved 1138688K
  class space    used 12444K, capacity 13852K, committed 13952K, reserved 1048576K
Event: 770.084 GC heap after
Heap after GC invocations=54 (full 4):
 PSYoungGen      total 116736K, used 3152K [0x00000000f5580000, 0x0000000100000000, 0x0000000100000000)
  eden space 58880K, 0% used [0x00000000f5580000,0x00000000f5580000,0x00000000f8f00000)
  from space 57856K, 5% used [0x00000000fc780000,0x00000000fca94010,0x0000000100000000)
  to   space 57856K, 0% used [0x00000000f8f00000,0x00000000f8f00000,0x00000000fc780000)
 ParOldGen       total 313344K, used 216123K [0x00000000e0000000, 0x00000000f3200000, 0x00000000f5580000)
  object space 313344K, 68% used [0x00000000e0000000,0x00000000ed30ec40,0x00000000f3200000)
 Metaspace       used 96624K, capacity 103537K, committed 103808K, reserved 1138688K
  class space    used 12444K, capacity 13852K, committed 13952K, reserved 1048576K
}
Event: 770.629 GC heap before
{Heap before GC invocations=55 (full 4):
 PSYoungGen      total 116736K, used 62032K [0x00000000f5580000, 0x0000000100000000, 0x0000000100000000)
  eden space 58880K, 100% used [0x00000000f5580000,0x00000000f8f00000,0x00000000f8f00000)
  from space 57856K, 5% used [0x00000000fc780000,0x00000000fca94010,0x0000000100000000)
  to   space 57856K, 0% used [0x00000000f8f00000,0x00000000f8f00000,0x00000000fc780000)
 ParOldGen       total 313344K, used 216155K [0x00000000e0000000, 0x00000000f3200000, 0x00000000f5580000)
  object space 313344K, 68% used [0x00000000e0000000,0x00000000ed316e68,0x00000000f3200000)
 Metaspace       used 96735K, capacity 103605K, committed 103808K, reserved 1138688K
  class space    used 12445K, capacity 13852K, committed 13952K, reserved 1048576K
Event: 770.645 GC heap after
Heap after GC invocations=55 (full 4):
 PSYoungGen      total 116736K, used 6633K [0x00000000f5580000, 0x0000000100000000, 0x0000000100000000)
  eden space 58880K, 0% used [0x00000000f5580000,0x00000000f5580000,0x00000000f8f00000)
  from space 57856K, 11% used [0x00000000f8f00000,0x00000000f957a5e8,0x00000000fc780000)
  to   space 57856K, 0% used [0x00000000fc780000,0x00000000fc780000,0x0000000100000000)
 ParOldGen       total 313344K, used 216855K [0x00000000e0000000, 0x00000000f3200000, 0x00000000f5580000)
  object space 313344K, 69% used [0x00000000e0000000,0x00000000ed3c5fd8,0x00000000f3200000)
 Metaspace       used 96735K, capacity 103605K, committed 103808K, reserved 1138688K
  class space    used 12445K, capacity 13852K, committed 13952K, reserved 1048576K
}
Event: 771.242 GC heap before
{Heap before GC invocations=56 (full 4):
 PSYoungGen      total 116736K, used 65513K [0x00000000f5580000, 0x0000000100000000, 0x0000000100000000)
  eden space 58880K, 100% used [0x00000000f5580000,0x00000000f8f00000,0x00000000f8f00000)
  from space 57856K, 11% used [0x00000000f8f00000,0x00000000f957a5e8,0x00000000fc780000)
  to   space 57856K, 0% used [0x00000000fc780000,0x00000000fc780000,0x0000000100000000)
 ParOldGen       total 313344K, used 216855K [0x00000000e0000000, 0x00000000f3200000, 0x00000000f5580000)
  object space 313344K, 69% used [0x00000000e0000000,0x00000000ed3c5fd8,0x00000000f3200000)
 Metaspace       used 96789K, capacity 103669K, committed 103808K, reserved 1138688K
  class space    used 12445K, capacity 13852K, committed 13952K, reserved 1048576K
Event: 771.256 GC heap after
Heap after GC invocations=56 (full 4):
 PSYoungGen      total 116736K, used 8574K [0x00000000f5580000, 0x0000000100000000, 0x0000000100000000)
  eden space 58880K, 0% used [0x00000000f5580000,0x00000000f5580000,0x00000000f8f00000)
  from space 57856K, 14% used [0x00000000fc780000,0x00000000fcfdf9c0,0x0000000100000000)
  to   space 57856K, 0% used [0x00000000f8f00000,0x00000000f8f00000,0x00000000fc780000)
 ParOldGen       total 313344K, used 218119K [0x00000000e0000000, 0x00000000f3200000, 0x00000000f5580000)
  object space 313344K, 69% used [0x00000000e0000000,0x00000000ed501ff8,0x00000000f3200000)
 Metaspace       used 96789K, capacity 103669K, committed 103808K, reserved 1138688K
  class space    used 12445K, capacity 13852K, committed 13952K, reserved 1048576K
}
Event: 771.702 GC heap before
{Heap before GC invocations=57 (full 4):
 PSYoungGen      total 116736K, used 67454K [0x00000000f5580000, 0x0000000100000000, 0x0000000100000000)
  eden space 58880K, 100% used [0x00000000f5580000,0x00000000f8f00000,0x00000000f8f00000)
  from space 57856K, 14% used [0x00000000fc780000,0x00000000fcfdf9c0,0x0000000100000000)
  to   space 57856K, 0% used [0x00000000f8f00000,0x00000000f8f00000,0x00000000fc780000)
 ParOldGen       total 313344K, used 218119K [0x00000000e0000000, 0x00000000f3200000, 0x00000000f5580000)
  object space 313344K, 69% used [0x00000000e0000000,0x00000000ed501ff8,0x00000000f3200000)
 Metaspace       used 96835K, capacity 103739K, committed 104064K, reserved 1138688K
  class space    used 12445K, capacity 13853K, committed 13952K, reserved 1048576K
Event: 771.720 GC heap after
Heap after GC invocations=57 (full 4):
 PSYoungGen      total 64512K, used 5465K [0x00000000f5580000, 0x00000000fff00000, 0x0000000100000000)
  eden space 58880K, 0% used [0x00000000f5580000,0x00000000f5580000,0x00000000f8f00000)
  from space 5632K, 97% used [0x00000000f8f00000,0x00000000f94565d8,0x00000000f9480000)
  to   space 57344K, 0% used [0x00000000fc700000,0x00000000fc700000,0x00000000fff00000)
 ParOldGen       total 313344K, used 218749K [0x00000000e0000000, 0x00000000f3200000, 0x00000000f5580000)
  object space 313344K, 69% used [0x00000000e0000000,0x00000000ed59f498,0x00000000f3200000)
 Metaspace       used 96835K, capacity 103739K, committed 104064K, reserved 1138688K
  class space    used 12445K, capacity 13853K, committed 13952K, reserved 1048576K
}

